<?xml version="1.0" encoding="UTF-8" ?>
<testsuites errors="1"
            failures="1"
            tests="1">

  <testsuite name="Tests"
    errors="1" failures="1" hostname="" id="" package="Tests" skipped="0"
    tests="1" time="13.77" timestamp="">
  
    <testcase name="Demo test ecosia.org" classname="Tests" time="13.77" assertions="5">

    

    

    

      <failure message="Testing if element [0;33m&lt;.mainline-results&gt;[0m contains text [0;33m&#39;Nightwatch.js&#39;[0m in 5000ms - expected [0;32m&#34;contains text &#39;Nightwatch.js&#39;&#34;[0m but got: [0;31m&#34;element could not be located&#34;[0m [0;90m(5063ms)[0m">    at Object.Demo test ecosia.org (D:\IdeaProjects\ReactWebApps\Ex10\src\nightwatch\Tests.js:12:21)
    at processTicksAndRejections (internal/process/task_queues.js:97:5)</failure>

    
      <failure message="    at Object.Demo test ecosia.org (D:\IdeaProjects\ReactWebApps\Ex10\src\nightwatch\Tests.js:12:21)">    at processTicksAndRejections (internal/process/task_queues.js:97:5)</failure>
      <error message="Error while running &#34;containsText&#34; command: Testing if element [0;33m&lt;.mainline-results&gt;[0m contains text [0;33m&#39;Nightwatch.js&#39;[0m in 5000ms - expected [0;32m&#34;contains text &#39;Nightwatch.js&#39;&#34;[0m but got: [0;31m&#34;element could not be located&#34;[0m [0;90m(5063ms)[0m" type="error">    at processTicksAndRejections (internal/process/task_queues.js:97:5)</error>
    
    </testcase>
  

  
    <system-err>
      [0;31m  NoSuchElementError: An error occurred while running .getText() command on &lt;.mainline-results&gt;: undefined; undefined
   {&#34;sessionId&#34;:&#34;550b1c885b4a4808a76126ea0665aba0&#34;,&#34;status&#34;:0,&#34;value&#34;:[]}[0m
[0;90m       at processTicksAndRejections (internal/process/task_queues.js:97:5)[0m
    </system-err>
  

  
  </testsuite>
</testsuites>
